{"message":"Cast to ObjectId failed for value \"1\" at path \"_id\" for model \"Course\"","stack":"CastError: Cast to ObjectId failed for value \"1\" at path \"_id\" for model \"Course\"\n    at new CastError (/home/ahmed/Desktop/udemy/nodeJS/rest-mongo/node_modules/mongoose/lib/error/cast.js:29:11)\n    at ObjectId.cast (/home/ahmed/Desktop/udemy/nodeJS/rest-mongo/node_modules/mongoose/lib/schema/objectid.js:232:11)\n    at ObjectId.SchemaType.applySetters (/home/ahmed/Desktop/udemy/nodeJS/rest-mongo/node_modules/mongoose/lib/schematype.js:812:12)\n    at ObjectId.SchemaType._castForQuery (/home/ahmed/Desktop/udemy/nodeJS/rest-mongo/node_modules/mongoose/lib/schematype.js:1215:15)\n    at ObjectId.SchemaType.castForQuery (/home/ahmed/Desktop/udemy/nodeJS/rest-mongo/node_modules/mongoose/lib/schematype.js:1205:15)\n    at ObjectId.SchemaType.castForQueryWrapper (/home/ahmed/Desktop/udemy/nodeJS/rest-mongo/node_modules/mongoose/lib/schematype.js:1184:15)\n    at cast (/home/ahmed/Desktop/udemy/nodeJS/rest-mongo/node_modules/mongoose/lib/cast.js:306:32)\n    at model.Query.Query.cast (/home/ahmed/Desktop/udemy/nodeJS/rest-mongo/node_modules/mongoose/lib/query.js:4227:12)\n    at model.Query.Query._castConditions (/home/ahmed/Desktop/udemy/nodeJS/rest-mongo/node_modules/mongoose/lib/query.js:1720:10)\n    at model.Query.Query._findOne (/home/ahmed/Desktop/udemy/nodeJS/rest-mongo/node_modules/mongoose/lib/query.js:1958:8)\n    at process.nextTick (/home/ahmed/Desktop/udemy/nodeJS/rest-mongo/node_modules/kareem/index.js:369:33)\n    at process._tickCallback (internal/process/next_tick.js:61:11)","name":"CastError","stringValue":"\"1\"","kind":"ObjectId","value":"1","path":"_id","level":"error","timestamp":"2018-12-23T19:47:56.066Z"}
{"message":"Cast to ObjectId failed for value \"1\" at path \"_id\" for model \"Course\"","stack":"CastError: Cast to ObjectId failed for value \"1\" at path \"_id\" for model \"Course\"\n    at new CastError (/home/ahmed/Desktop/udemy/nodeJS/rest-mongo/node_modules/mongoose/lib/error/cast.js:29:11)\n    at ObjectId.cast (/home/ahmed/Desktop/udemy/nodeJS/rest-mongo/node_modules/mongoose/lib/schema/objectid.js:232:11)\n    at ObjectId.SchemaType.applySetters (/home/ahmed/Desktop/udemy/nodeJS/rest-mongo/node_modules/mongoose/lib/schematype.js:812:12)\n    at ObjectId.SchemaType._castForQuery (/home/ahmed/Desktop/udemy/nodeJS/rest-mongo/node_modules/mongoose/lib/schematype.js:1215:15)\n    at ObjectId.SchemaType.castForQuery (/home/ahmed/Desktop/udemy/nodeJS/rest-mongo/node_modules/mongoose/lib/schematype.js:1205:15)\n    at ObjectId.SchemaType.castForQueryWrapper (/home/ahmed/Desktop/udemy/nodeJS/rest-mongo/node_modules/mongoose/lib/schematype.js:1184:15)\n    at cast (/home/ahmed/Desktop/udemy/nodeJS/rest-mongo/node_modules/mongoose/lib/cast.js:306:32)\n    at model.Query.Query.cast (/home/ahmed/Desktop/udemy/nodeJS/rest-mongo/node_modules/mongoose/lib/query.js:4227:12)\n    at model.Query.Query._castConditions (/home/ahmed/Desktop/udemy/nodeJS/rest-mongo/node_modules/mongoose/lib/query.js:1720:10)\n    at model.Query.Query._findOne (/home/ahmed/Desktop/udemy/nodeJS/rest-mongo/node_modules/mongoose/lib/query.js:1958:8)\n    at process.nextTick (/home/ahmed/Desktop/udemy/nodeJS/rest-mongo/node_modules/kareem/index.js:369:33)\n    at process._tickCallback (internal/process/next_tick.js:61:11)","name":"CastError","stringValue":"\"1\"","kind":"ObjectId","value":"1","path":"_id","level":"error","timestamp":"2018-12-23T19:53:22.005Z"}
{"message":"Cast to ObjectId failed for value \"1\" at path \"_id\" for model \"Course\"","stack":"CastError: Cast to ObjectId failed for value \"1\" at path \"_id\" for model \"Course\"\n    at new CastError (/home/ahmed/Desktop/udemy/nodeJS/rest-mongo/node_modules/mongoose/lib/error/cast.js:29:11)\n    at ObjectId.cast (/home/ahmed/Desktop/udemy/nodeJS/rest-mongo/node_modules/mongoose/lib/schema/objectid.js:232:11)\n    at ObjectId.SchemaType.applySetters (/home/ahmed/Desktop/udemy/nodeJS/rest-mongo/node_modules/mongoose/lib/schematype.js:812:12)\n    at ObjectId.SchemaType._castForQuery (/home/ahmed/Desktop/udemy/nodeJS/rest-mongo/node_modules/mongoose/lib/schematype.js:1215:15)\n    at ObjectId.SchemaType.castForQuery (/home/ahmed/Desktop/udemy/nodeJS/rest-mongo/node_modules/mongoose/lib/schematype.js:1205:15)\n    at ObjectId.SchemaType.castForQueryWrapper (/home/ahmed/Desktop/udemy/nodeJS/rest-mongo/node_modules/mongoose/lib/schematype.js:1184:15)\n    at cast (/home/ahmed/Desktop/udemy/nodeJS/rest-mongo/node_modules/mongoose/lib/cast.js:306:32)\n    at model.Query.Query.cast (/home/ahmed/Desktop/udemy/nodeJS/rest-mongo/node_modules/mongoose/lib/query.js:4227:12)\n    at model.Query.Query._castConditions (/home/ahmed/Desktop/udemy/nodeJS/rest-mongo/node_modules/mongoose/lib/query.js:1720:10)\n    at model.Query.Query._findOne (/home/ahmed/Desktop/udemy/nodeJS/rest-mongo/node_modules/mongoose/lib/query.js:1958:8)\n    at process.nextTick (/home/ahmed/Desktop/udemy/nodeJS/rest-mongo/node_modules/kareem/index.js:369:33)\n    at process._tickCallback (internal/process/next_tick.js:61:11)","name":"CastError","stringValue":"\"1\"","kind":"ObjectId","value":"1","path":"_id","level":"error","timestamp":"2018-12-23T19:57:00.708Z"}
{"message":"hhhh","stack":"Error: hhhh\n    at Object.<anonymous> (/home/ahmed/Desktop/udemy/nodeJS/rest-mongo/index.js:33:7)\n    at Module._compile (internal/modules/cjs/loader.js:689:30)\n    at Object.Module._extensions..js (internal/modules/cjs/loader.js:700:10)\n    at Module.load (internal/modules/cjs/loader.js:599:32)\n    at tryModuleLoad (internal/modules/cjs/loader.js:538:12)\n    at Function.Module._load (internal/modules/cjs/loader.js:530:3)\n    at Function.Module.runMain (internal/modules/cjs/loader.js:742:12)\n    at startup (internal/bootstrap/node.js:266:19)\n    at bootstrapNodeJSCore (internal/bootstrap/node.js:596:3)","level":"error","timestamp":"2018-12-23T20:00:10.952Z"}
{"message":"fff","stack":"Error: fff\n    at Object.<anonymous> (/home/ahmed/Desktop/udemy/nodeJS/rest-mongo/index.js:38:26)\n    at Module._compile (internal/modules/cjs/loader.js:689:30)\n    at Object.Module._extensions..js (internal/modules/cjs/loader.js:700:10)\n    at Module.load (internal/modules/cjs/loader.js:599:32)\n    at tryModuleLoad (internal/modules/cjs/loader.js:538:12)\n    at Function.Module._load (internal/modules/cjs/loader.js:530:3)\n    at Function.Module.runMain (internal/modules/cjs/loader.js:742:12)\n    at startup (internal/bootstrap/node.js:266:19)\n    at bootstrapNodeJSCore (internal/bootstrap/node.js:596:3)","level":"error","timestamp":"2018-12-23T20:05:22.123Z"}
{"level":"info","message":"Connected to mongoDB","timestamp":"2018-12-23T20:21:46.094Z"}
{"level":"info","message":"listening port 3000","timestamp":"2018-12-23T20:30:28.569Z"}
{"level":"info","message":"Connected to mongoDB","timestamp":"2018-12-23T20:30:28.640Z"}
{"level":"info","message":"listening port 3000","timestamp":"2018-12-28T21:17:18.719Z"}
{"level":"info","message":"Connected to mongoDB mongodb://localhost:27017/courses-test","timestamp":"2018-12-28T21:17:18.917Z"}
{"level":"info","message":"listening port 3000","timestamp":"2018-12-28T21:32:32.213Z"}
{"level":"error","timestamp":"2018-12-28T21:32:32.265Z"}
{"level":"info","message":"Connected to mongoDB mongodb://localhost:27017/courses-test","timestamp":"2018-12-28T21:32:32.344Z"}
{"level":"info","message":"listening port 3000","timestamp":"2018-12-28T21:35:29.950Z"}
{"level":"info","message":"Connected to mongoDB mongodb://localhost:27017/courses","timestamp":"2018-12-28T21:35:30.010Z"}
{"level":"info","message":"listening port 3000","timestamp":"2018-12-28T21:35:30.012Z"}
{"level":"info","message":"listening port 3000","timestamp":"2018-12-28T21:35:41.731Z"}
{"level":"info","message":"listening port 3000","timestamp":"2018-12-28T21:35:48.727Z"}
{"level":"info","message":"listening port 3000","timestamp":"2018-12-28T21:37:09.123Z"}
{"level":"info","message":"listening port 3000","timestamp":"2018-12-28T21:37:27.604Z"}
{"level":"error","timestamp":"2018-12-28T21:37:27.636Z"}
{"level":"info","message":"Connected to mongoDB mongodb://localhost:27017/courses-test","timestamp":"2018-12-28T21:37:27.665Z"}
{"level":"info","message":"listening port 3000","timestamp":"2018-12-28T21:37:31.489Z"}
{"level":"error","timestamp":"2018-12-28T21:37:31.519Z"}
{"level":"info","message":"Connected to mongoDB mongodb://localhost:27017/courses-test","timestamp":"2018-12-28T21:37:31.548Z"}
{"level":"info","message":"listening port 3000","timestamp":"2018-12-28T21:38:33.422Z"}
{"level":"error","timestamp":"2018-12-28T21:38:33.475Z"}
{"level":"info","message":"Connected to mongoDB mongodb://localhost:27017/courses-test","timestamp":"2018-12-28T21:38:33.576Z"}
{"level":"info","message":"listening port 3000","timestamp":"2018-12-28T21:39:48.293Z"}
{"level":"info","message":"Connected to mongoDB mongodb://localhost:27017/courses-test","timestamp":"2018-12-28T21:39:48.337Z"}
{"level":"info","message":"listening port 3000","timestamp":"2018-12-28T21:43:14.731Z"}
{"level":"info","message":"Connected to mongoDB mongodb://localhost:27017/courses-test","timestamp":"2018-12-28T21:43:14.842Z"}
{"level":"info","message":"listening port 3000","timestamp":"2018-12-28T21:43:32.850Z"}
{"level":"info","message":"Connected to mongoDB mongodb://localhost:27017/courses-test","timestamp":"2018-12-28T21:43:32.946Z"}
{"level":"info","message":"listening port 3000","timestamp":"2018-12-28T21:45:40.801Z"}
{"level":"info","message":"Connected to mongoDB mongodb://localhost:27017/courses-test","timestamp":"2018-12-28T21:45:40.943Z"}
{"level":"info","message":"listening port 3000","timestamp":"2018-12-28T21:47:22.020Z"}
{"level":"info","message":"Connected to mongoDB mongodb://localhost:27017/courses-test","timestamp":"2018-12-28T21:47:22.168Z"}
{"level":"info","message":"listening port 3000","timestamp":"2018-12-28T21:51:39.363Z"}
{"level":"info","message":"Connected to mongoDB mongodb://localhost:27017/courses-test","timestamp":"2018-12-28T21:51:39.420Z"}
{"level":"error","timestamp":"2018-12-28T21:51:39.491Z"}
{"level":"info","message":"listening port 3000","timestamp":"2018-12-28T21:51:56.279Z"}
{"level":"info","message":"Connected to mongoDB mongodb://localhost:27017/courses-test","timestamp":"2018-12-28T21:51:56.411Z"}
{"level":"info","message":"listening port 3000","timestamp":"2018-12-28T21:53:46.393Z"}
{"level":"info","message":"Connected to mongoDB mongodb://localhost:27017/courses-test","timestamp":"2018-12-28T21:53:46.469Z"}
{"level":"info","message":"listening port 3000","timestamp":"2018-12-28T21:57:24.996Z"}
{"level":"info","message":"Connected to mongoDB mongodb://localhost:27017/courses-test","timestamp":"2018-12-28T21:57:25.103Z"}
{"message":"Cast to ObjectId failed for value \"55\" at path \"_id\" for model \"Course\"","stack":"CastError: Cast to ObjectId failed for value \"55\" at path \"_id\" for model \"Course\"\n    at new CastError (/home/ahmed/Desktop/udemy/nodeJS/rest-mongo/node_modules/mongoose/lib/error/cast.js:29:11)\n    at ObjectId.Object.<anonymous>.ObjectId.cast (/home/ahmed/Desktop/udemy/nodeJS/rest-mongo/node_modules/mongoose/lib/schema/objectid.js:232:11)\n    at ObjectId.Object.<anonymous>.SchemaType.applySetters (/home/ahmed/Desktop/udemy/nodeJS/rest-mongo/node_modules/mongoose/lib/schematype.js:812:12)\n    at ObjectId.Object.<anonymous>.SchemaType._castForQuery (/home/ahmed/Desktop/udemy/nodeJS/rest-mongo/node_modules/mongoose/lib/schematype.js:1215:15)\n    at ObjectId.Object.<anonymous>.SchemaType.castForQuery (/home/ahmed/Desktop/udemy/nodeJS/rest-mongo/node_modules/mongoose/lib/schematype.js:1205:15)\n    at ObjectId.Object.<anonymous>.SchemaType.castForQueryWrapper (/home/ahmed/Desktop/udemy/nodeJS/rest-mongo/node_modules/mongoose/lib/schematype.js:1184:15)\n    at cast (/home/ahmed/Desktop/udemy/nodeJS/rest-mongo/node_modules/mongoose/lib/cast.js:306:32)\n    at model.Query.Object.<anonymous>.Query.cast (/home/ahmed/Desktop/udemy/nodeJS/rest-mongo/node_modules/mongoose/lib/query.js:4227:12)\n    at model.Query.Object.<anonymous>.Query._castConditions (/home/ahmed/Desktop/udemy/nodeJS/rest-mongo/node_modules/mongoose/lib/query.js:1720:10)\n    at model.Query.Object.<anonymous>.Query._findOne (/home/ahmed/Desktop/udemy/nodeJS/rest-mongo/node_modules/mongoose/lib/query.js:1958:8)\n    at process.nextTick (/home/ahmed/Desktop/udemy/nodeJS/rest-mongo/node_modules/kareem/index.js:369:33)\n    at process._tickCallback (internal/process/next_tick.js:61:11)","name":"CastError","stringValue":"\"55\"","kind":"ObjectId","value":"55","path":"_id","level":"error","timestamp":"2018-12-28T21:57:25.211Z"}
{"level":"info","message":"listening port 3000","timestamp":"2018-12-28T22:00:41.824Z"}
{"level":"info","message":"Connected to mongoDB mongodb://localhost:27017/courses-test","timestamp":"2018-12-28T22:00:42.001Z"}
{"level":"info","message":"listening port 3000","timestamp":"2018-12-28T22:01:37.181Z"}
{"level":"info","message":"Connected to mongoDB mongodb://localhost:27017/courses-test","timestamp":"2018-12-28T22:01:37.254Z"}
{"level":"info","message":"listening port 3000","timestamp":"2018-12-28T22:02:35.469Z"}
{"level":"info","message":"Connected to mongoDB mongodb://localhost:27017/courses-test","timestamp":"2018-12-28T22:02:35.525Z"}
{"level":"info","message":"listening port 3000","timestamp":"2018-12-28T22:17:05.880Z"}
{"level":"info","message":"Connected to mongoDB mongodb://localhost:27017/courses-test","timestamp":"2018-12-28T22:17:05.956Z"}
{"level":"info","message":"listening port 3000","timestamp":"2018-12-29T14:37:49.481Z"}
{"level":"info","message":"Connected to mongoDB mongodb://localhost:27017/courses-test","timestamp":"2018-12-29T14:37:49.670Z"}
{"level":"error","timestamp":"2018-12-29T14:37:50.081Z"}
{"level":"info","message":"listening port 3000","timestamp":"2018-12-29T14:38:06.031Z"}
{"level":"info","message":"Connected to mongoDB mongodb://localhost:27017/courses-test","timestamp":"2018-12-29T14:38:06.089Z"}
{"level":"error","timestamp":"2018-12-29T14:38:06.315Z"}
{"level":"info","message":"listening port 3000","timestamp":"2018-12-29T14:42:01.896Z"}
{"level":"info","message":"Connected to mongoDB mongodb://localhost:27017/courses-test","timestamp":"2018-12-29T14:42:01.956Z"}
{"level":"error","timestamp":"2018-12-29T14:42:02.106Z"}
{"message":"Course validation failed: name: Path `name` (`11`) is shorter than the minimum allowed length (5).","errors":{"name":{"message":"Path `name` (`11`) is shorter than the minimum allowed length (5).","name":"ValidatorError","properties":{"message":"Path `name` (`11`) is shorter than the minimum allowed length (5).","type":"minlength","minlength":5,"path":"name","value":"11"},"kind":"minlength","path":"name","value":"11"}},"_message":"Course validation failed","stack":"ValidationError: name: Path `name` (`11`) is shorter than the minimum allowed length (5).\n    at new ValidationError (/home/ahmed/Desktop/udemy/nodeJS/rest-mongo/node_modules/mongoose/lib/error/validation.js:30:11)\n    at model.Object.<anonymous>.Document.invalidate (/home/ahmed/Desktop/udemy/nodeJS/rest-mongo/node_modules/mongoose/lib/document.js:2064:32)\n    at p.doValidate.skipSchemaValidators (/home/ahmed/Desktop/udemy/nodeJS/rest-mongo/node_modules/mongoose/lib/document.js:1927:17)\n    at /home/ahmed/Desktop/udemy/nodeJS/rest-mongo/node_modules/mongoose/lib/schematype.js:896:9\n    at process._tickCallback (internal/process/next_tick.js:61:11)","name":"ValidationError","level":"error","timestamp":"2018-12-29T14:42:02.139Z"}
{"level":"info","message":"listening port 3000","timestamp":"2018-12-29T14:43:25.150Z"}
{"level":"info","message":"Connected to mongoDB mongodb://localhost:27017/courses-test","timestamp":"2018-12-29T14:43:25.221Z"}
{"level":"error","timestamp":"2018-12-29T14:43:25.343Z"}
{"message":"Course validation failed: name: Path `name` (`11`) is shorter than the minimum allowed length (5).","errors":{"name":{"message":"Path `name` (`11`) is shorter than the minimum allowed length (5).","name":"ValidatorError","properties":{"message":"Path `name` (`11`) is shorter than the minimum allowed length (5).","type":"minlength","minlength":5,"path":"name","value":"11"},"kind":"minlength","path":"name","value":"11"}},"_message":"Course validation failed","stack":"ValidationError: name: Path `name` (`11`) is shorter than the minimum allowed length (5).\n    at new ValidationError (/home/ahmed/Desktop/udemy/nodeJS/rest-mongo/node_modules/mongoose/lib/error/validation.js:30:11)\n    at model.Object.<anonymous>.Document.invalidate (/home/ahmed/Desktop/udemy/nodeJS/rest-mongo/node_modules/mongoose/lib/document.js:2064:32)\n    at p.doValidate.skipSchemaValidators (/home/ahmed/Desktop/udemy/nodeJS/rest-mongo/node_modules/mongoose/lib/document.js:1927:17)\n    at /home/ahmed/Desktop/udemy/nodeJS/rest-mongo/node_modules/mongoose/lib/schematype.js:896:9\n    at process._tickCallback (internal/process/next_tick.js:61:11)","name":"ValidationError","level":"error","timestamp":"2018-12-29T14:43:25.377Z"}
{"level":"info","message":"listening port 3000","timestamp":"2018-12-29T14:45:49.945Z"}
{"level":"info","message":"Connected to mongoDB mongodb://localhost:27017/courses-test","timestamp":"2018-12-29T14:45:50.020Z"}
{"level":"error","timestamp":"2018-12-29T14:45:50.117Z"}
{"message":"Course validation failed: name: Path `name` (`11`) is shorter than the minimum allowed length (5).","errors":{"name":{"message":"Path `name` (`11`) is shorter than the minimum allowed length (5).","name":"ValidatorError","properties":{"message":"Path `name` (`11`) is shorter than the minimum allowed length (5).","type":"minlength","minlength":5,"path":"name","value":"11"},"kind":"minlength","path":"name","value":"11"}},"_message":"Course validation failed","stack":"ValidationError: name: Path `name` (`11`) is shorter than the minimum allowed length (5).\n    at new ValidationError (/home/ahmed/Desktop/udemy/nodeJS/rest-mongo/node_modules/mongoose/lib/error/validation.js:30:11)\n    at model.Object.<anonymous>.Document.invalidate (/home/ahmed/Desktop/udemy/nodeJS/rest-mongo/node_modules/mongoose/lib/document.js:2064:32)\n    at p.doValidate.skipSchemaValidators (/home/ahmed/Desktop/udemy/nodeJS/rest-mongo/node_modules/mongoose/lib/document.js:1927:17)\n    at /home/ahmed/Desktop/udemy/nodeJS/rest-mongo/node_modules/mongoose/lib/schematype.js:896:9\n    at process._tickCallback (internal/process/next_tick.js:61:11)","name":"ValidationError","level":"error","timestamp":"2018-12-29T14:45:50.151Z"}
{"level":"info","message":"listening port 3000","timestamp":"2018-12-29T14:46:03.734Z"}
{"level":"info","message":"Connected to mongoDB mongodb://localhost:27017/courses-test","timestamp":"2018-12-29T14:46:03.814Z"}
{"level":"error","timestamp":"2018-12-29T14:46:03.930Z"}
{"message":"Course validation failed: name: Path `name` (`11`) is shorter than the minimum allowed length (5).","errors":{"name":{"message":"Path `name` (`11`) is shorter than the minimum allowed length (5).","name":"ValidatorError","properties":{"message":"Path `name` (`11`) is shorter than the minimum allowed length (5).","type":"minlength","minlength":5,"path":"name","value":"11"},"kind":"minlength","path":"name","value":"11"}},"_message":"Course validation failed","stack":"ValidationError: name: Path `name` (`11`) is shorter than the minimum allowed length (5).\n    at new ValidationError (/home/ahmed/Desktop/udemy/nodeJS/rest-mongo/node_modules/mongoose/lib/error/validation.js:30:11)\n    at model.Object.<anonymous>.Document.invalidate (/home/ahmed/Desktop/udemy/nodeJS/rest-mongo/node_modules/mongoose/lib/document.js:2064:32)\n    at p.doValidate.skipSchemaValidators (/home/ahmed/Desktop/udemy/nodeJS/rest-mongo/node_modules/mongoose/lib/document.js:1927:17)\n    at /home/ahmed/Desktop/udemy/nodeJS/rest-mongo/node_modules/mongoose/lib/schematype.js:896:9\n    at process._tickCallback (internal/process/next_tick.js:61:11)","name":"ValidationError","level":"error","timestamp":"2018-12-29T14:46:03.967Z"}
{"level":"info","message":"listening port 3000","timestamp":"2018-12-29T14:47:43.650Z"}
{"level":"info","message":"Connected to mongoDB mongodb://localhost:27017/courses-test","timestamp":"2018-12-29T14:47:43.776Z"}
{"level":"error","timestamp":"2018-12-29T14:47:43.876Z"}
{"message":"Course validation failed: name: Path `name` (`11`) is shorter than the minimum allowed length (5).","errors":{"name":{"message":"Path `name` (`11`) is shorter than the minimum allowed length (5).","name":"ValidatorError","properties":{"message":"Path `name` (`11`) is shorter than the minimum allowed length (5).","type":"minlength","minlength":5,"path":"name","value":"11"},"kind":"minlength","path":"name","value":"11"}},"_message":"Course validation failed","stack":"ValidationError: name: Path `name` (`11`) is shorter than the minimum allowed length (5).\n    at new ValidationError (/home/ahmed/Desktop/udemy/nodeJS/rest-mongo/node_modules/mongoose/lib/error/validation.js:30:11)\n    at model.Object.<anonymous>.Document.invalidate (/home/ahmed/Desktop/udemy/nodeJS/rest-mongo/node_modules/mongoose/lib/document.js:2064:32)\n    at p.doValidate.skipSchemaValidators (/home/ahmed/Desktop/udemy/nodeJS/rest-mongo/node_modules/mongoose/lib/document.js:1927:17)\n    at /home/ahmed/Desktop/udemy/nodeJS/rest-mongo/node_modules/mongoose/lib/schematype.js:896:9\n    at process._tickCallback (internal/process/next_tick.js:61:11)","name":"ValidationError","level":"error","timestamp":"2018-12-29T14:47:43.911Z"}
{"level":"info","message":"listening port 3000","timestamp":"2018-12-29T14:47:49.513Z"}
{"level":"info","message":"Connected to mongoDB mongodb://localhost:27017/courses-test","timestamp":"2018-12-29T14:47:49.622Z"}
{"level":"error","timestamp":"2018-12-29T14:47:49.796Z"}
{"message":"Course validation failed: name: Path `name` (`az`) is shorter than the minimum allowed length (5).","errors":{"name":{"message":"Path `name` (`az`) is shorter than the minimum allowed length (5).","name":"ValidatorError","properties":{"message":"Path `name` (`az`) is shorter than the minimum allowed length (5).","type":"minlength","minlength":5,"path":"name","value":"az"},"kind":"minlength","path":"name","value":"az"}},"_message":"Course validation failed","stack":"ValidationError: name: Path `name` (`az`) is shorter than the minimum allowed length (5).\n    at new ValidationError (/home/ahmed/Desktop/udemy/nodeJS/rest-mongo/node_modules/mongoose/lib/error/validation.js:30:11)\n    at model.Object.<anonymous>.Document.invalidate (/home/ahmed/Desktop/udemy/nodeJS/rest-mongo/node_modules/mongoose/lib/document.js:2064:32)\n    at p.doValidate.skipSchemaValidators (/home/ahmed/Desktop/udemy/nodeJS/rest-mongo/node_modules/mongoose/lib/document.js:1927:17)\n    at /home/ahmed/Desktop/udemy/nodeJS/rest-mongo/node_modules/mongoose/lib/schematype.js:896:9\n    at process._tickCallback (internal/process/next_tick.js:61:11)","name":"ValidationError","level":"error","timestamp":"2018-12-29T14:47:49.843Z"}
{"level":"info","message":"listening port 3000","timestamp":"2018-12-29T14:48:08.735Z"}
{"level":"info","message":"Connected to mongoDB mongodb://localhost:27017/courses-test","timestamp":"2018-12-29T14:48:08.857Z"}
{"level":"error","timestamp":"2018-12-29T14:48:08.997Z"}
{"message":"Course validation failed: name: Path `name` (`aze`) is shorter than the minimum allowed length (5).","errors":{"name":{"message":"Path `name` (`aze`) is shorter than the minimum allowed length (5).","name":"ValidatorError","properties":{"message":"Path `name` (`aze`) is shorter than the minimum allowed length (5).","type":"minlength","minlength":5,"path":"name","value":"aze"},"kind":"minlength","path":"name","value":"aze"}},"_message":"Course validation failed","stack":"ValidationError: name: Path `name` (`aze`) is shorter than the minimum allowed length (5).\n    at new ValidationError (/home/ahmed/Desktop/udemy/nodeJS/rest-mongo/node_modules/mongoose/lib/error/validation.js:30:11)\n    at model.Object.<anonymous>.Document.invalidate (/home/ahmed/Desktop/udemy/nodeJS/rest-mongo/node_modules/mongoose/lib/document.js:2064:32)\n    at p.doValidate.skipSchemaValidators (/home/ahmed/Desktop/udemy/nodeJS/rest-mongo/node_modules/mongoose/lib/document.js:1927:17)\n    at /home/ahmed/Desktop/udemy/nodeJS/rest-mongo/node_modules/mongoose/lib/schematype.js:896:9\n    at process._tickCallback (internal/process/next_tick.js:61:11)","name":"ValidationError","level":"error","timestamp":"2018-12-29T14:48:09.052Z"}
{"level":"info","message":"listening port 3000","timestamp":"2018-12-29T14:52:46.059Z"}
{"level":"info","message":"Connected to mongoDB mongodb://localhost:27017/courses-test","timestamp":"2018-12-29T14:52:46.121Z"}
{"level":"error","timestamp":"2018-12-29T14:52:46.273Z"}
{"message":"Course validation failed: name: Path `name` (`aze`) is shorter than the minimum allowed length (5).","errors":{"name":{"message":"Path `name` (`aze`) is shorter than the minimum allowed length (5).","name":"ValidatorError","properties":{"message":"Path `name` (`aze`) is shorter than the minimum allowed length (5).","type":"minlength","minlength":5,"path":"name","value":"aze"},"kind":"minlength","path":"name","value":"aze"}},"_message":"Course validation failed","stack":"ValidationError: name: Path `name` (`aze`) is shorter than the minimum allowed length (5).\n    at new ValidationError (/home/ahmed/Desktop/udemy/nodeJS/rest-mongo/node_modules/mongoose/lib/error/validation.js:30:11)\n    at model.Object.<anonymous>.Document.invalidate (/home/ahmed/Desktop/udemy/nodeJS/rest-mongo/node_modules/mongoose/lib/document.js:2064:32)\n    at p.doValidate.skipSchemaValidators (/home/ahmed/Desktop/udemy/nodeJS/rest-mongo/node_modules/mongoose/lib/document.js:1927:17)\n    at /home/ahmed/Desktop/udemy/nodeJS/rest-mongo/node_modules/mongoose/lib/schematype.js:896:9\n    at process._tickCallback (internal/process/next_tick.js:61:11)","name":"ValidationError","level":"error","timestamp":"2018-12-29T14:52:46.305Z"}
{"level":"info","message":"listening port 3000","timestamp":"2018-12-29T14:53:00.913Z"}
{"level":"info","message":"Connected to mongoDB mongodb://localhost:27017/courses-test","timestamp":"2018-12-29T14:53:01.032Z"}
{"level":"error","timestamp":"2018-12-29T14:53:01.161Z"}
{"message":"Course validation failed: name: Path `name` (`aze`) is shorter than the minimum allowed length (5).","errors":{"name":{"message":"Path `name` (`aze`) is shorter than the minimum allowed length (5).","name":"ValidatorError","properties":{"message":"Path `name` (`aze`) is shorter than the minimum allowed length (5).","type":"minlength","minlength":5,"path":"name","value":"aze"},"kind":"minlength","path":"name","value":"aze"}},"_message":"Course validation failed","stack":"ValidationError: name: Path `name` (`aze`) is shorter than the minimum allowed length (5).\n    at new ValidationError (/home/ahmed/Desktop/udemy/nodeJS/rest-mongo/node_modules/mongoose/lib/error/validation.js:30:11)\n    at model.Object.<anonymous>.Document.invalidate (/home/ahmed/Desktop/udemy/nodeJS/rest-mongo/node_modules/mongoose/lib/document.js:2064:32)\n    at p.doValidate.skipSchemaValidators (/home/ahmed/Desktop/udemy/nodeJS/rest-mongo/node_modules/mongoose/lib/document.js:1927:17)\n    at /home/ahmed/Desktop/udemy/nodeJS/rest-mongo/node_modules/mongoose/lib/schematype.js:896:9\n    at process._tickCallback (internal/process/next_tick.js:61:11)","name":"ValidationError","level":"error","timestamp":"2018-12-29T14:53:01.206Z"}
{"level":"info","message":"listening port 3000","timestamp":"2018-12-29T14:54:32.055Z"}
{"level":"info","message":"Connected to mongoDB mongodb://localhost:27017/courses-test","timestamp":"2018-12-29T14:54:32.159Z"}
{"level":"error","timestamp":"2018-12-29T14:54:32.306Z"}
{"message":"Course validation failed: name: Path `name` (`aze`) is shorter than the minimum allowed length (5).","errors":{"name":{"message":"Path `name` (`aze`) is shorter than the minimum allowed length (5).","name":"ValidatorError","properties":{"message":"Path `name` (`aze`) is shorter than the minimum allowed length (5).","type":"minlength","minlength":5,"path":"name","value":"aze"},"kind":"minlength","path":"name","value":"aze"}},"_message":"Course validation failed","stack":"ValidationError: name: Path `name` (`aze`) is shorter than the minimum allowed length (5).\n    at new ValidationError (/home/ahmed/Desktop/udemy/nodeJS/rest-mongo/node_modules/mongoose/lib/error/validation.js:30:11)\n    at model.Object.<anonymous>.Document.invalidate (/home/ahmed/Desktop/udemy/nodeJS/rest-mongo/node_modules/mongoose/lib/document.js:2064:32)\n    at p.doValidate.skipSchemaValidators (/home/ahmed/Desktop/udemy/nodeJS/rest-mongo/node_modules/mongoose/lib/document.js:1927:17)\n    at /home/ahmed/Desktop/udemy/nodeJS/rest-mongo/node_modules/mongoose/lib/schematype.js:896:9\n    at process._tickCallback (internal/process/next_tick.js:61:11)","name":"ValidationError","level":"error","timestamp":"2018-12-29T14:54:32.349Z"}
{"level":"info","message":"listening port 3000","timestamp":"2018-12-29T15:35:57.193Z"}
{"level":"info","message":"Connected to mongoDB mongodb://localhost:27017/courses-test","timestamp":"2018-12-29T15:35:57.285Z"}
{"level":"error","timestamp":"2018-12-29T15:35:57.441Z"}
{"message":"Course validation failed: name: Path `name` (`aze`) is shorter than the minimum allowed length (5).","errors":{"name":{"message":"Path `name` (`aze`) is shorter than the minimum allowed length (5).","name":"ValidatorError","properties":{"message":"Path `name` (`aze`) is shorter than the minimum allowed length (5).","type":"minlength","minlength":5,"path":"name","value":"aze"},"kind":"minlength","path":"name","value":"aze"}},"_message":"Course validation failed","stack":"ValidationError: name: Path `name` (`aze`) is shorter than the minimum allowed length (5).\n    at new ValidationError (/home/ahmed/Desktop/udemy/nodeJS/rest-mongo/node_modules/mongoose/lib/error/validation.js:30:11)\n    at model.Object.<anonymous>.Document.invalidate (/home/ahmed/Desktop/udemy/nodeJS/rest-mongo/node_modules/mongoose/lib/document.js:2064:32)\n    at p.doValidate.skipSchemaValidators (/home/ahmed/Desktop/udemy/nodeJS/rest-mongo/node_modules/mongoose/lib/document.js:1927:17)\n    at /home/ahmed/Desktop/udemy/nodeJS/rest-mongo/node_modules/mongoose/lib/schematype.js:896:9\n    at process._tickCallback (internal/process/next_tick.js:61:11)","name":"ValidationError","level":"error","timestamp":"2018-12-29T15:35:57.489Z"}
{"level":"error","timestamp":"2018-12-29T15:35:57.524Z"}
{"level":"info","message":"listening port 3000","timestamp":"2018-12-29T15:39:14.469Z"}
{"level":"info","message":"Connected to mongoDB mongodb://localhost:27017/courses-test","timestamp":"2018-12-29T15:39:14.584Z"}
{"level":"error","timestamp":"2018-12-29T15:39:14.738Z"}
{"message":"Course validation failed: name: Path `name` (`ahe`) is shorter than the minimum allowed length (5).","errors":{"name":{"message":"Path `name` (`ahe`) is shorter than the minimum allowed length (5).","name":"ValidatorError","properties":{"message":"Path `name` (`ahe`) is shorter than the minimum allowed length (5).","type":"minlength","minlength":5,"path":"name","value":"ahe"},"kind":"minlength","path":"name","value":"ahe"}},"_message":"Course validation failed","stack":"ValidationError: name: Path `name` (`ahe`) is shorter than the minimum allowed length (5).\n    at new ValidationError (/home/ahmed/Desktop/udemy/nodeJS/rest-mongo/node_modules/mongoose/lib/error/validation.js:30:11)\n    at model.Object.<anonymous>.Document.invalidate (/home/ahmed/Desktop/udemy/nodeJS/rest-mongo/node_modules/mongoose/lib/document.js:2064:32)\n    at p.doValidate.skipSchemaValidators (/home/ahmed/Desktop/udemy/nodeJS/rest-mongo/node_modules/mongoose/lib/document.js:1927:17)\n    at /home/ahmed/Desktop/udemy/nodeJS/rest-mongo/node_modules/mongoose/lib/schematype.js:896:9\n    at process._tickCallback (internal/process/next_tick.js:61:11)","name":"ValidationError","level":"error","timestamp":"2018-12-29T15:39:14.778Z"}
{"level":"info","message":"listening port 3000","timestamp":"2018-12-29T15:40:11.237Z"}
{"level":"info","message":"Connected to mongoDB mongodb://localhost:27017/courses-test","timestamp":"2018-12-29T15:40:11.355Z"}
{"level":"error","timestamp":"2018-12-29T15:40:11.510Z"}
{"message":"Course validation failed: name: Path `name` (`ahe`) is shorter than the minimum allowed length (5).","errors":{"name":{"message":"Path `name` (`ahe`) is shorter than the minimum allowed length (5).","name":"ValidatorError","properties":{"message":"Path `name` (`ahe`) is shorter than the minimum allowed length (5).","type":"minlength","minlength":5,"path":"name","value":"ahe"},"kind":"minlength","path":"name","value":"ahe"}},"_message":"Course validation failed","stack":"ValidationError: name: Path `name` (`ahe`) is shorter than the minimum allowed length (5).\n    at new ValidationError (/home/ahmed/Desktop/udemy/nodeJS/rest-mongo/node_modules/mongoose/lib/error/validation.js:30:11)\n    at model.Object.<anonymous>.Document.invalidate (/home/ahmed/Desktop/udemy/nodeJS/rest-mongo/node_modules/mongoose/lib/document.js:2064:32)\n    at p.doValidate.skipSchemaValidators (/home/ahmed/Desktop/udemy/nodeJS/rest-mongo/node_modules/mongoose/lib/document.js:1927:17)\n    at /home/ahmed/Desktop/udemy/nodeJS/rest-mongo/node_modules/mongoose/lib/schematype.js:896:9\n    at process._tickCallback (internal/process/next_tick.js:61:11)","name":"ValidationError","level":"error","timestamp":"2018-12-29T15:40:11.543Z"}
{"level":"error","timestamp":"2018-12-29T15:40:11.556Z"}
{"level":"info","message":"listening port 3000","timestamp":"2018-12-29T15:40:34.361Z"}
{"level":"info","message":"Connected to mongoDB mongodb://localhost:27017/courses-test","timestamp":"2018-12-29T15:40:34.435Z"}
{"level":"error","timestamp":"2018-12-29T15:40:34.543Z"}
{"message":"Course validation failed: name: Path `name` (`ahe`) is shorter than the minimum allowed length (5).","errors":{"name":{"message":"Path `name` (`ahe`) is shorter than the minimum allowed length (5).","name":"ValidatorError","properties":{"message":"Path `name` (`ahe`) is shorter than the minimum allowed length (5).","type":"minlength","minlength":5,"path":"name","value":"ahe"},"kind":"minlength","path":"name","value":"ahe"}},"_message":"Course validation failed","stack":"ValidationError: name: Path `name` (`ahe`) is shorter than the minimum allowed length (5).\n    at new ValidationError (/home/ahmed/Desktop/udemy/nodeJS/rest-mongo/node_modules/mongoose/lib/error/validation.js:30:11)\n    at model.Object.<anonymous>.Document.invalidate (/home/ahmed/Desktop/udemy/nodeJS/rest-mongo/node_modules/mongoose/lib/document.js:2064:32)\n    at p.doValidate.skipSchemaValidators (/home/ahmed/Desktop/udemy/nodeJS/rest-mongo/node_modules/mongoose/lib/document.js:1927:17)\n    at /home/ahmed/Desktop/udemy/nodeJS/rest-mongo/node_modules/mongoose/lib/schematype.js:896:9\n    at process._tickCallback (internal/process/next_tick.js:61:11)","name":"ValidationError","level":"error","timestamp":"2018-12-29T15:40:34.570Z"}
{"level":"error","timestamp":"2018-12-29T15:40:34.580Z"}
{"level":"info","message":"listening port 3000","timestamp":"2018-12-29T15:42:51.671Z"}
{"level":"info","message":"Connected to mongoDB mongodb://localhost:27017/courses-test","timestamp":"2018-12-29T15:42:51.724Z"}
{"level":"error","timestamp":"2018-12-29T15:42:51.846Z"}
{"message":"Course validation failed: name: Path `name` (`ahe`) is shorter than the minimum allowed length (5).","errors":{"name":{"message":"Path `name` (`ahe`) is shorter than the minimum allowed length (5).","name":"ValidatorError","properties":{"message":"Path `name` (`ahe`) is shorter than the minimum allowed length (5).","type":"minlength","minlength":5,"path":"name","value":"ahe"},"kind":"minlength","path":"name","value":"ahe"}},"_message":"Course validation failed","stack":"ValidationError: name: Path `name` (`ahe`) is shorter than the minimum allowed length (5).\n    at new ValidationError (/home/ahmed/Desktop/udemy/nodeJS/rest-mongo/node_modules/mongoose/lib/error/validation.js:30:11)\n    at model.Object.<anonymous>.Document.invalidate (/home/ahmed/Desktop/udemy/nodeJS/rest-mongo/node_modules/mongoose/lib/document.js:2064:32)\n    at p.doValidate.skipSchemaValidators (/home/ahmed/Desktop/udemy/nodeJS/rest-mongo/node_modules/mongoose/lib/document.js:1927:17)\n    at /home/ahmed/Desktop/udemy/nodeJS/rest-mongo/node_modules/mongoose/lib/schematype.js:896:9\n    at process._tickCallback (internal/process/next_tick.js:61:11)","name":"ValidationError","level":"error","timestamp":"2018-12-29T15:42:51.893Z"}
{"level":"error","timestamp":"2018-12-29T15:42:51.908Z"}
{"level":"info","message":"listening port 3000","timestamp":"2018-12-29T15:42:59.053Z"}
{"level":"info","message":"Connected to mongoDB mongodb://localhost:27017/courses-test","timestamp":"2018-12-29T15:42:59.101Z"}
{"level":"error","timestamp":"2018-12-29T15:42:59.208Z"}
{"message":"Course validation failed: name: Path `name` (`ahe`) is shorter than the minimum allowed length (5).","errors":{"name":{"message":"Path `name` (`ahe`) is shorter than the minimum allowed length (5).","name":"ValidatorError","properties":{"message":"Path `name` (`ahe`) is shorter than the minimum allowed length (5).","type":"minlength","minlength":5,"path":"name","value":"ahe"},"kind":"minlength","path":"name","value":"ahe"}},"_message":"Course validation failed","stack":"ValidationError: name: Path `name` (`ahe`) is shorter than the minimum allowed length (5).\n    at new ValidationError (/home/ahmed/Desktop/udemy/nodeJS/rest-mongo/node_modules/mongoose/lib/error/validation.js:30:11)\n    at model.Object.<anonymous>.Document.invalidate (/home/ahmed/Desktop/udemy/nodeJS/rest-mongo/node_modules/mongoose/lib/document.js:2064:32)\n    at p.doValidate.skipSchemaValidators (/home/ahmed/Desktop/udemy/nodeJS/rest-mongo/node_modules/mongoose/lib/document.js:1927:17)\n    at /home/ahmed/Desktop/udemy/nodeJS/rest-mongo/node_modules/mongoose/lib/schematype.js:896:9\n    at process._tickCallback (internal/process/next_tick.js:61:11)","name":"ValidationError","level":"error","timestamp":"2018-12-29T15:42:59.235Z"}
{"level":"error","timestamp":"2018-12-29T15:42:59.245Z"}
{"level":"info","message":"listening port 3000","timestamp":"2018-12-29T15:50:51.237Z"}
{"level":"info","message":"Connected to mongoDB mongodb://localhost:27017/courses-test","timestamp":"2018-12-29T15:50:51.308Z"}
{"level":"error","timestamp":"2018-12-29T15:50:51.464Z"}
{"message":"Course validation failed: name: Path `name` (`ahe`) is shorter than the minimum allowed length (5).","errors":{"name":{"message":"Path `name` (`ahe`) is shorter than the minimum allowed length (5).","name":"ValidatorError","properties":{"message":"Path `name` (`ahe`) is shorter than the minimum allowed length (5).","type":"minlength","minlength":5,"path":"name","value":"ahe"},"kind":"minlength","path":"name","value":"ahe"}},"_message":"Course validation failed","stack":"ValidationError: name: Path `name` (`ahe`) is shorter than the minimum allowed length (5).\n    at new ValidationError (/home/ahmed/Desktop/udemy/nodeJS/rest-mongo/node_modules/mongoose/lib/error/validation.js:30:11)\n    at model.Object.<anonymous>.Document.invalidate (/home/ahmed/Desktop/udemy/nodeJS/rest-mongo/node_modules/mongoose/lib/document.js:2064:32)\n    at p.doValidate.skipSchemaValidators (/home/ahmed/Desktop/udemy/nodeJS/rest-mongo/node_modules/mongoose/lib/document.js:1927:17)\n    at /home/ahmed/Desktop/udemy/nodeJS/rest-mongo/node_modules/mongoose/lib/schematype.js:896:9\n    at process._tickCallback (internal/process/next_tick.js:61:11)","name":"ValidationError","level":"error","timestamp":"2018-12-29T15:50:51.507Z"}
{"level":"error","timestamp":"2018-12-29T15:50:51.523Z"}
{"level":"info","message":"listening port 3000","timestamp":"2018-12-29T15:51:14.927Z"}
{"level":"info","message":"Connected to mongoDB mongodb://localhost:27017/courses-test","timestamp":"2018-12-29T15:51:15.005Z"}
{"level":"error","timestamp":"2018-12-29T15:51:15.134Z"}
{"message":"Course validation failed: name: Path `name` (`ahe`) is shorter than the minimum allowed length (5).","errors":{"name":{"message":"Path `name` (`ahe`) is shorter than the minimum allowed length (5).","name":"ValidatorError","properties":{"message":"Path `name` (`ahe`) is shorter than the minimum allowed length (5).","type":"minlength","minlength":5,"path":"name","value":"ahe"},"kind":"minlength","path":"name","value":"ahe"}},"_message":"Course validation failed","stack":"ValidationError: name: Path `name` (`ahe`) is shorter than the minimum allowed length (5).\n    at new ValidationError (/home/ahmed/Desktop/udemy/nodeJS/rest-mongo/node_modules/mongoose/lib/error/validation.js:30:11)\n    at model.Object.<anonymous>.Document.invalidate (/home/ahmed/Desktop/udemy/nodeJS/rest-mongo/node_modules/mongoose/lib/document.js:2064:32)\n    at p.doValidate.skipSchemaValidators (/home/ahmed/Desktop/udemy/nodeJS/rest-mongo/node_modules/mongoose/lib/document.js:1927:17)\n    at /home/ahmed/Desktop/udemy/nodeJS/rest-mongo/node_modules/mongoose/lib/schematype.js:896:9\n    at process._tickCallback (internal/process/next_tick.js:61:11)","name":"ValidationError","level":"error","timestamp":"2018-12-29T15:51:15.183Z"}
{"level":"error","timestamp":"2018-12-29T15:51:15.198Z"}
{"level":"info","message":"listening port 3000","timestamp":"2018-12-29T15:51:15.444Z"}
{"level":"error","timestamp":"2018-12-29T15:51:15.531Z"}
{"level":"info","message":"Connected to mongoDB mongodb://localhost:27017/courses-test","timestamp":"2018-12-29T15:51:15.630Z"}
{"level":"info","message":"listening port 3000","timestamp":"2018-12-29T15:51:35.330Z"}
{"level":"info","message":"Connected to mongoDB mongodb://localhost:27017/courses-test","timestamp":"2018-12-29T15:51:35.382Z"}
{"level":"error","timestamp":"2018-12-29T15:51:35.501Z"}
{"message":"Course validation failed: name: Path `name` (`ahe`) is shorter than the minimum allowed length (5).","errors":{"name":{"message":"Path `name` (`ahe`) is shorter than the minimum allowed length (5).","name":"ValidatorError","properties":{"message":"Path `name` (`ahe`) is shorter than the minimum allowed length (5).","type":"minlength","minlength":5,"path":"name","value":"ahe"},"kind":"minlength","path":"name","value":"ahe"}},"_message":"Course validation failed","stack":"ValidationError: name: Path `name` (`ahe`) is shorter than the minimum allowed length (5).\n    at new ValidationError (/home/ahmed/Desktop/udemy/nodeJS/rest-mongo/node_modules/mongoose/lib/error/validation.js:30:11)\n    at model.Object.<anonymous>.Document.invalidate (/home/ahmed/Desktop/udemy/nodeJS/rest-mongo/node_modules/mongoose/lib/document.js:2064:32)\n    at p.doValidate.skipSchemaValidators (/home/ahmed/Desktop/udemy/nodeJS/rest-mongo/node_modules/mongoose/lib/document.js:1927:17)\n    at /home/ahmed/Desktop/udemy/nodeJS/rest-mongo/node_modules/mongoose/lib/schematype.js:896:9\n    at process._tickCallback (internal/process/next_tick.js:61:11)","name":"ValidationError","level":"error","timestamp":"2018-12-29T15:51:35.530Z"}
{"level":"info","message":"listening port 3000","timestamp":"2018-12-29T15:51:35.521Z"}
{"level":"error","timestamp":"2018-12-29T15:51:35.557Z"}
{"level":"error","timestamp":"2018-12-29T15:51:35.626Z"}
{"level":"info","message":"Connected to mongoDB mongodb://localhost:27017/courses-test","timestamp":"2018-12-29T15:51:35.714Z"}
{"level":"info","message":"listening port 3000","timestamp":"2018-12-29T15:52:09.764Z"}
{"level":"info","message":"Connected to mongoDB mongodb://localhost:27017/courses-test","timestamp":"2018-12-29T15:52:09.829Z"}
{"level":"error","timestamp":"2018-12-29T15:52:09.979Z"}
{"message":"Course validation failed: name: Path `name` (`ahe`) is shorter than the minimum allowed length (5).","errors":{"name":{"message":"Path `name` (`ahe`) is shorter than the minimum allowed length (5).","name":"ValidatorError","properties":{"message":"Path `name` (`ahe`) is shorter than the minimum allowed length (5).","type":"minlength","minlength":5,"path":"name","value":"ahe"},"kind":"minlength","path":"name","value":"ahe"}},"_message":"Course validation failed","stack":"ValidationError: name: Path `name` (`ahe`) is shorter than the minimum allowed length (5).\n    at new ValidationError (/home/ahmed/Desktop/udemy/nodeJS/rest-mongo/node_modules/mongoose/lib/error/validation.js:30:11)\n    at model.Object.<anonymous>.Document.invalidate (/home/ahmed/Desktop/udemy/nodeJS/rest-mongo/node_modules/mongoose/lib/document.js:2064:32)\n    at p.doValidate.skipSchemaValidators (/home/ahmed/Desktop/udemy/nodeJS/rest-mongo/node_modules/mongoose/lib/document.js:1927:17)\n    at /home/ahmed/Desktop/udemy/nodeJS/rest-mongo/node_modules/mongoose/lib/schematype.js:896:9\n    at process._tickCallback (internal/process/next_tick.js:61:11)","name":"ValidationError","level":"error","timestamp":"2018-12-29T15:52:10.006Z"}
{"level":"error","timestamp":"2018-12-29T15:52:10.019Z"}
{"level":"info","message":"listening port 3000","timestamp":"2018-12-29T15:52:10.221Z"}
{"level":"error","timestamp":"2018-12-29T15:52:10.276Z"}
{"level":"info","message":"Connected to mongoDB mongodb://localhost:27017/courses-test","timestamp":"2018-12-29T15:52:10.321Z"}
{"level":"info","message":"listening port 3000","timestamp":"2018-12-29T15:52:24.317Z"}
{"level":"info","message":"Connected to mongoDB mongodb://localhost:27017/courses-test","timestamp":"2018-12-29T15:52:24.449Z"}
{"level":"error","timestamp":"2018-12-29T15:52:24.683Z"}
{"message":"Course validation failed: name: Path `name` (`ahe`) is shorter than the minimum allowed length (5).","errors":{"name":{"message":"Path `name` (`ahe`) is shorter than the minimum allowed length (5).","name":"ValidatorError","properties":{"message":"Path `name` (`ahe`) is shorter than the minimum allowed length (5).","type":"minlength","minlength":5,"path":"name","value":"ahe"},"kind":"minlength","path":"name","value":"ahe"}},"_message":"Course validation failed","stack":"ValidationError: name: Path `name` (`ahe`) is shorter than the minimum allowed length (5).\n    at new ValidationError (/home/ahmed/Desktop/udemy/nodeJS/rest-mongo/node_modules/mongoose/lib/error/validation.js:30:11)\n    at model.Object.<anonymous>.Document.invalidate (/home/ahmed/Desktop/udemy/nodeJS/rest-mongo/node_modules/mongoose/lib/document.js:2064:32)\n    at p.doValidate.skipSchemaValidators (/home/ahmed/Desktop/udemy/nodeJS/rest-mongo/node_modules/mongoose/lib/document.js:1927:17)\n    at /home/ahmed/Desktop/udemy/nodeJS/rest-mongo/node_modules/mongoose/lib/schematype.js:896:9\n    at process._tickCallback (internal/process/next_tick.js:61:11)","name":"ValidationError","level":"error","timestamp":"2018-12-29T15:52:24.768Z"}
{"level":"error","timestamp":"2018-12-29T15:52:24.839Z"}
{"level":"info","message":"listening port 3000","timestamp":"2018-12-29T15:52:25.202Z"}
{"level":"error","timestamp":"2018-12-29T15:52:25.304Z"}
{"level":"info","message":"Connected to mongoDB mongodb://localhost:27017/courses-test","timestamp":"2018-12-29T15:52:25.456Z"}
{"level":"info","message":"listening port 3000","timestamp":"2018-12-29T15:53:06.564Z"}
{"level":"info","message":"Connected to mongoDB mongodb://localhost:27017/courses-test","timestamp":"2018-12-29T15:53:06.701Z"}
{"level":"error","timestamp":"2018-12-29T15:53:07.011Z"}
{"message":"Course validation failed: name: Path `name` (`ahe`) is shorter than the minimum allowed length (5).","errors":{"name":{"message":"Path `name` (`ahe`) is shorter than the minimum allowed length (5).","name":"ValidatorError","properties":{"message":"Path `name` (`ahe`) is shorter than the minimum allowed length (5).","type":"minlength","minlength":5,"path":"name","value":"ahe"},"kind":"minlength","path":"name","value":"ahe"}},"_message":"Course validation failed","stack":"ValidationError: name: Path `name` (`ahe`) is shorter than the minimum allowed length (5).\n    at new ValidationError (/home/ahmed/Desktop/udemy/nodeJS/rest-mongo/node_modules/mongoose/lib/error/validation.js:30:11)\n    at model.Object.<anonymous>.Document.invalidate (/home/ahmed/Desktop/udemy/nodeJS/rest-mongo/node_modules/mongoose/lib/document.js:2064:32)\n    at p.doValidate.skipSchemaValidators (/home/ahmed/Desktop/udemy/nodeJS/rest-mongo/node_modules/mongoose/lib/document.js:1927:17)\n    at /home/ahmed/Desktop/udemy/nodeJS/rest-mongo/node_modules/mongoose/lib/schematype.js:896:9\n    at process._tickCallback (internal/process/next_tick.js:61:11)","name":"ValidationError","level":"error","timestamp":"2018-12-29T15:53:07.072Z"}
{"level":"info","message":"listening port 3000","timestamp":"2018-12-29T15:53:07.053Z"}
{"level":"error","timestamp":"2018-12-29T15:53:07.107Z"}
{"level":"error","timestamp":"2018-12-29T15:53:07.168Z"}
{"level":"info","message":"Connected to mongoDB mongodb://localhost:27017/courses-test","timestamp":"2018-12-29T15:53:07.227Z"}
{"level":"info","message":"listening port 3000","timestamp":"2018-12-29T15:53:31.242Z"}
{"level":"info","message":"Connected to mongoDB mongodb://localhost:27017/courses-test","timestamp":"2018-12-29T15:53:31.349Z"}
{"level":"error","timestamp":"2018-12-29T15:53:31.542Z"}
{"message":"Course validation failed: name: Path `name` (`ahe`) is shorter than the minimum allowed length (5).","errors":{"name":{"message":"Path `name` (`ahe`) is shorter than the minimum allowed length (5).","name":"ValidatorError","properties":{"message":"Path `name` (`ahe`) is shorter than the minimum allowed length (5).","type":"minlength","minlength":5,"path":"name","value":"ahe"},"kind":"minlength","path":"name","value":"ahe"}},"_message":"Course validation failed","stack":"ValidationError: name: Path `name` (`ahe`) is shorter than the minimum allowed length (5).\n    at new ValidationError (/home/ahmed/Desktop/udemy/nodeJS/rest-mongo/node_modules/mongoose/lib/error/validation.js:30:11)\n    at model.Object.<anonymous>.Document.invalidate (/home/ahmed/Desktop/udemy/nodeJS/rest-mongo/node_modules/mongoose/lib/document.js:2064:32)\n    at p.doValidate.skipSchemaValidators (/home/ahmed/Desktop/udemy/nodeJS/rest-mongo/node_modules/mongoose/lib/document.js:1927:17)\n    at /home/ahmed/Desktop/udemy/nodeJS/rest-mongo/node_modules/mongoose/lib/schematype.js:896:9\n    at process._tickCallback (internal/process/next_tick.js:61:11)","name":"ValidationError","level":"error","timestamp":"2018-12-29T15:53:31.601Z"}
{"level":"error","timestamp":"2018-12-29T15:53:31.641Z"}
{"level":"info","message":"listening port 3000","timestamp":"2018-12-29T15:53:32.092Z"}
{"level":"error","timestamp":"2018-12-29T15:53:32.244Z"}
{"level":"info","message":"Connected to mongoDB mongodb://localhost:27017/courses-test","timestamp":"2018-12-29T15:53:32.314Z"}
{"level":"error","timestamp":"2018-12-29T15:53:32.326Z"}
{"level":"info","message":"listening port 3000","timestamp":"2018-12-29T15:53:39.667Z"}
{"level":"info","message":"Connected to mongoDB mongodb://localhost:27017/courses-test","timestamp":"2018-12-29T15:53:39.767Z"}
{"level":"error","timestamp":"2018-12-29T15:53:39.959Z"}
{"message":"Course validation failed: name: Path `name` (`ahe`) is shorter than the minimum allowed length (5).","errors":{"name":{"message":"Path `name` (`ahe`) is shorter than the minimum allowed length (5).","name":"ValidatorError","properties":{"message":"Path `name` (`ahe`) is shorter than the minimum allowed length (5).","type":"minlength","minlength":5,"path":"name","value":"ahe"},"kind":"minlength","path":"name","value":"ahe"}},"_message":"Course validation failed","stack":"ValidationError: name: Path `name` (`ahe`) is shorter than the minimum allowed length (5).\n    at new ValidationError (/home/ahmed/Desktop/udemy/nodeJS/rest-mongo/node_modules/mongoose/lib/error/validation.js:30:11)\n    at model.Object.<anonymous>.Document.invalidate (/home/ahmed/Desktop/udemy/nodeJS/rest-mongo/node_modules/mongoose/lib/document.js:2064:32)\n    at p.doValidate.skipSchemaValidators (/home/ahmed/Desktop/udemy/nodeJS/rest-mongo/node_modules/mongoose/lib/document.js:1927:17)\n    at /home/ahmed/Desktop/udemy/nodeJS/rest-mongo/node_modules/mongoose/lib/schematype.js:896:9\n    at process._tickCallback (internal/process/next_tick.js:61:11)","name":"ValidationError","level":"error","timestamp":"2018-12-29T15:53:40.019Z"}
{"level":"error","timestamp":"2018-12-29T15:53:40.078Z"}
{"level":"info","message":"listening port 3000","timestamp":"2018-12-29T15:53:40.389Z"}
{"level":"error","timestamp":"2018-12-29T15:53:40.525Z"}
{"level":"info","message":"Connected to mongoDB mongodb://localhost:27017/courses-test","timestamp":"2018-12-29T15:53:40.625Z"}
{"level":"error","timestamp":"2018-12-29T15:53:40.645Z"}
{"level":"info","message":"listening port 3000","timestamp":"2018-12-29T15:54:01.576Z"}
{"level":"info","message":"Connected to mongoDB mongodb://localhost:27017/courses-test","timestamp":"2018-12-29T15:54:01.663Z"}
{"level":"error","timestamp":"2018-12-29T15:54:01.820Z"}
{"message":"Course validation failed: name: Path `name` (`ahe`) is shorter than the minimum allowed length (5).","errors":{"name":{"message":"Path `name` (`ahe`) is shorter than the minimum allowed length (5).","name":"ValidatorError","properties":{"message":"Path `name` (`ahe`) is shorter than the minimum allowed length (5).","type":"minlength","minlength":5,"path":"name","value":"ahe"},"kind":"minlength","path":"name","value":"ahe"}},"_message":"Course validation failed","stack":"ValidationError: name: Path `name` (`ahe`) is shorter than the minimum allowed length (5).\n    at new ValidationError (/home/ahmed/Desktop/udemy/nodeJS/rest-mongo/node_modules/mongoose/lib/error/validation.js:30:11)\n    at model.Object.<anonymous>.Document.invalidate (/home/ahmed/Desktop/udemy/nodeJS/rest-mongo/node_modules/mongoose/lib/document.js:2064:32)\n    at p.doValidate.skipSchemaValidators (/home/ahmed/Desktop/udemy/nodeJS/rest-mongo/node_modules/mongoose/lib/document.js:1927:17)\n    at /home/ahmed/Desktop/udemy/nodeJS/rest-mongo/node_modules/mongoose/lib/schematype.js:896:9\n    at process._tickCallback (internal/process/next_tick.js:61:11)","name":"ValidationError","level":"error","timestamp":"2018-12-29T15:54:01.856Z"}
{"level":"error","timestamp":"2018-12-29T15:54:01.873Z"}
{"level":"info","message":"listening port 3000","timestamp":"2018-12-29T15:54:02.044Z"}
{"level":"error","timestamp":"2018-12-29T15:54:02.137Z"}
{"level":"info","message":"Connected to mongoDB mongodb://localhost:27017/courses-test","timestamp":"2018-12-29T15:54:02.227Z"}
{"level":"error","timestamp":"2018-12-29T15:54:02.279Z"}
{"level":"info","message":"listening port 3000","timestamp":"2018-12-29T15:56:29.216Z"}
{"level":"error","timestamp":"2018-12-29T15:56:29.321Z"}
{"level":"info","message":"Connected to mongoDB mongodb://localhost:27017/courses-test","timestamp":"2018-12-29T15:56:29.428Z"}
{"level":"error","timestamp":"2018-12-29T15:56:29.442Z"}
{"level":"info","message":"listening port 3000","timestamp":"2018-12-29T15:56:29.498Z"}
{"level":"info","message":"Connected to mongoDB mongodb://localhost:27017/courses-test","timestamp":"2018-12-29T15:56:29.563Z"}
{"level":"error","timestamp":"2018-12-29T15:56:29.740Z"}
{"message":"Course validation failed: name: Path `name` (`ahe`) is shorter than the minimum allowed length (5).","errors":{"name":{"message":"Path `name` (`ahe`) is shorter than the minimum allowed length (5).","name":"ValidatorError","properties":{"message":"Path `name` (`ahe`) is shorter than the minimum allowed length (5).","type":"minlength","minlength":5,"path":"name","value":"ahe"},"kind":"minlength","path":"name","value":"ahe"}},"_message":"Course validation failed","stack":"ValidationError: name: Path `name` (`ahe`) is shorter than the minimum allowed length (5).\n    at new ValidationError (/home/ahmed/Desktop/udemy/nodeJS/rest-mongo/node_modules/mongoose/lib/error/validation.js:30:11)\n    at model.Object.<anonymous>.Document.invalidate (/home/ahmed/Desktop/udemy/nodeJS/rest-mongo/node_modules/mongoose/lib/document.js:2064:32)\n    at p.doValidate.skipSchemaValidators (/home/ahmed/Desktop/udemy/nodeJS/rest-mongo/node_modules/mongoose/lib/document.js:1927:17)\n    at /home/ahmed/Desktop/udemy/nodeJS/rest-mongo/node_modules/mongoose/lib/schematype.js:896:9\n    at process._tickCallback (internal/process/next_tick.js:61:11)","name":"ValidationError","level":"error","timestamp":"2018-12-29T15:56:29.809Z"}
{"level":"error","timestamp":"2018-12-29T15:56:29.830Z"}
{"level":"info","message":"listening port 3000","timestamp":"2018-12-29T16:03:33.536Z"}
{"level":"info","message":"Connected to mongoDB mongodb://localhost:27017/courses-test","timestamp":"2018-12-29T16:03:33.613Z"}
{"level":"error","timestamp":"2018-12-29T16:03:33.800Z"}
{"message":"Course validation failed: name: Path `name` (`ahe`) is shorter than the minimum allowed length (5).","errors":{"name":{"message":"Path `name` (`ahe`) is shorter than the minimum allowed length (5).","name":"ValidatorError","properties":{"message":"Path `name` (`ahe`) is shorter than the minimum allowed length (5).","type":"minlength","minlength":5,"path":"name","value":"ahe"},"kind":"minlength","path":"name","value":"ahe"}},"_message":"Course validation failed","stack":"ValidationError: name: Path `name` (`ahe`) is shorter than the minimum allowed length (5).\n    at new ValidationError (/home/ahmed/Desktop/udemy/nodeJS/rest-mongo/node_modules/mongoose/lib/error/validation.js:30:11)\n    at model.Object.<anonymous>.Document.invalidate (/home/ahmed/Desktop/udemy/nodeJS/rest-mongo/node_modules/mongoose/lib/document.js:2064:32)\n    at p.doValidate.skipSchemaValidators (/home/ahmed/Desktop/udemy/nodeJS/rest-mongo/node_modules/mongoose/lib/document.js:1927:17)\n    at /home/ahmed/Desktop/udemy/nodeJS/rest-mongo/node_modules/mongoose/lib/schematype.js:896:9\n    at process._tickCallback (internal/process/next_tick.js:61:11)","name":"ValidationError","level":"error","timestamp":"2018-12-29T16:03:33.839Z"}
{"level":"error","timestamp":"2018-12-29T16:03:33.869Z"}
{"level":"info","message":"listening port 3000","timestamp":"2018-12-29T16:03:33.867Z"}
{"level":"error","timestamp":"2018-12-29T16:03:33.966Z"}
{"level":"info","message":"Connected to mongoDB mongodb://localhost:27017/courses-test","timestamp":"2018-12-29T16:03:34.018Z"}
{"level":"error","timestamp":"2018-12-29T16:03:34.036Z"}
{"level":"info","message":"listening port 3000","timestamp":"2018-12-29T16:04:18.916Z"}
{"level":"error","timestamp":"2018-12-29T16:04:19.014Z"}
{"level":"info","message":"Connected to mongoDB mongodb://localhost:27017/courses-test","timestamp":"2018-12-29T16:04:19.085Z"}
{"level":"error","timestamp":"2018-12-29T16:04:19.107Z"}
{"level":"info","message":"listening port 3000","timestamp":"2018-12-29T16:04:19.312Z"}
{"level":"info","message":"Connected to mongoDB mongodb://localhost:27017/courses-test","timestamp":"2018-12-29T16:04:19.424Z"}
{"level":"error","timestamp":"2018-12-29T16:04:19.579Z"}
{"message":"Course validation failed: name: Path `name` (`ahe`) is shorter than the minimum allowed length (5).","errors":{"name":{"message":"Path `name` (`ahe`) is shorter than the minimum allowed length (5).","name":"ValidatorError","properties":{"message":"Path `name` (`ahe`) is shorter than the minimum allowed length (5).","type":"minlength","minlength":5,"path":"name","value":"ahe"},"kind":"minlength","path":"name","value":"ahe"}},"_message":"Course validation failed","stack":"ValidationError: name: Path `name` (`ahe`) is shorter than the minimum allowed length (5).\n    at new ValidationError (/home/ahmed/Desktop/udemy/nodeJS/rest-mongo/node_modules/mongoose/lib/error/validation.js:30:11)\n    at model.Object.<anonymous>.Document.invalidate (/home/ahmed/Desktop/udemy/nodeJS/rest-mongo/node_modules/mongoose/lib/document.js:2064:32)\n    at p.doValidate.skipSchemaValidators (/home/ahmed/Desktop/udemy/nodeJS/rest-mongo/node_modules/mongoose/lib/document.js:1927:17)\n    at /home/ahmed/Desktop/udemy/nodeJS/rest-mongo/node_modules/mongoose/lib/schematype.js:896:9\n    at process._tickCallback (internal/process/next_tick.js:61:11)","name":"ValidationError","level":"error","timestamp":"2018-12-29T16:04:19.612Z"}
{"level":"error","timestamp":"2018-12-29T16:04:19.638Z"}
{"level":"info","message":"listening port 3000","timestamp":"2018-12-29T16:05:10.611Z"}
{"level":"info","message":"Connected to mongoDB mongodb://localhost:27017/courses-test","timestamp":"2018-12-29T16:05:10.697Z"}
{"level":"error","timestamp":"2018-12-29T16:05:10.795Z"}
{"message":"Course validation failed: name: Path `name` (`ahe`) is shorter than the minimum allowed length (5).","errors":{"name":{"message":"Path `name` (`ahe`) is shorter than the minimum allowed length (5).","name":"ValidatorError","properties":{"message":"Path `name` (`ahe`) is shorter than the minimum allowed length (5).","type":"minlength","minlength":5,"path":"name","value":"ahe"},"kind":"minlength","path":"name","value":"ahe"}},"_message":"Course validation failed","stack":"ValidationError: name: Path `name` (`ahe`) is shorter than the minimum allowed length (5).\n    at new ValidationError (/home/ahmed/Desktop/udemy/nodeJS/rest-mongo/node_modules/mongoose/lib/error/validation.js:30:11)\n    at model.Object.<anonymous>.Document.invalidate (/home/ahmed/Desktop/udemy/nodeJS/rest-mongo/node_modules/mongoose/lib/document.js:2064:32)\n    at p.doValidate.skipSchemaValidators (/home/ahmed/Desktop/udemy/nodeJS/rest-mongo/node_modules/mongoose/lib/document.js:1927:17)\n    at /home/ahmed/Desktop/udemy/nodeJS/rest-mongo/node_modules/mongoose/lib/schematype.js:896:9\n    at process._tickCallback (internal/process/next_tick.js:61:11)","name":"ValidationError","level":"error","timestamp":"2018-12-29T16:05:10.816Z"}
{"level":"error","timestamp":"2018-12-29T16:05:10.830Z"}
{"level":"info","message":"listening port 3000","timestamp":"2018-12-29T16:06:06.152Z"}
{"level":"info","message":"Connected to mongoDB mongodb://localhost:27017/courses-test","timestamp":"2018-12-29T16:06:06.200Z"}
{"level":"error","timestamp":"2018-12-29T16:06:06.298Z"}
{"message":"Course validation failed: name: Path `name` (`ahe`) is shorter than the minimum allowed length (5).","errors":{"name":{"message":"Path `name` (`ahe`) is shorter than the minimum allowed length (5).","name":"ValidatorError","properties":{"message":"Path `name` (`ahe`) is shorter than the minimum allowed length (5).","type":"minlength","minlength":5,"path":"name","value":"ahe"},"kind":"minlength","path":"name","value":"ahe"}},"_message":"Course validation failed","stack":"ValidationError: name: Path `name` (`ahe`) is shorter than the minimum allowed length (5).\n    at new ValidationError (/home/ahmed/Desktop/udemy/nodeJS/rest-mongo/node_modules/mongoose/lib/error/validation.js:30:11)\n    at model.Object.<anonymous>.Document.invalidate (/home/ahmed/Desktop/udemy/nodeJS/rest-mongo/node_modules/mongoose/lib/document.js:2064:32)\n    at p.doValidate.skipSchemaValidators (/home/ahmed/Desktop/udemy/nodeJS/rest-mongo/node_modules/mongoose/lib/document.js:1927:17)\n    at /home/ahmed/Desktop/udemy/nodeJS/rest-mongo/node_modules/mongoose/lib/schematype.js:896:9\n    at process._tickCallback (internal/process/next_tick.js:61:11)","name":"ValidationError","level":"error","timestamp":"2018-12-29T16:06:06.325Z"}
{"level":"error","timestamp":"2018-12-29T16:06:06.336Z"}
{"level":"info","message":"listening port 3000","timestamp":"2018-12-29T16:06:49.051Z"}
{"level":"info","message":"Connected to mongoDB mongodb://localhost:27017/courses-test","timestamp":"2018-12-29T16:06:49.101Z"}
{"level":"error","timestamp":"2018-12-29T16:06:49.202Z"}
{"message":"Course validation failed: name: Path `name` (`ahe`) is shorter than the minimum allowed length (5).","errors":{"name":{"message":"Path `name` (`ahe`) is shorter than the minimum allowed length (5).","name":"ValidatorError","properties":{"message":"Path `name` (`ahe`) is shorter than the minimum allowed length (5).","type":"minlength","minlength":5,"path":"name","value":"ahe"},"kind":"minlength","path":"name","value":"ahe"}},"_message":"Course validation failed","stack":"ValidationError: name: Path `name` (`ahe`) is shorter than the minimum allowed length (5).\n    at new ValidationError (/home/ahmed/Desktop/udemy/nodeJS/rest-mongo/node_modules/mongoose/lib/error/validation.js:30:11)\n    at model.Object.<anonymous>.Document.invalidate (/home/ahmed/Desktop/udemy/nodeJS/rest-mongo/node_modules/mongoose/lib/document.js:2064:32)\n    at p.doValidate.skipSchemaValidators (/home/ahmed/Desktop/udemy/nodeJS/rest-mongo/node_modules/mongoose/lib/document.js:1927:17)\n    at /home/ahmed/Desktop/udemy/nodeJS/rest-mongo/node_modules/mongoose/lib/schematype.js:896:9\n    at process._tickCallback (internal/process/next_tick.js:61:11)","name":"ValidationError","level":"error","timestamp":"2018-12-29T16:06:49.232Z"}
{"level":"error","timestamp":"2018-12-29T16:06:49.257Z"}
{"level":"info","message":"listening port 3000","timestamp":"2018-12-29T16:07:10.433Z"}
{"level":"info","message":"Connected to mongoDB mongodb://localhost:27017/courses-test","timestamp":"2018-12-29T16:07:10.499Z"}
{"level":"error","timestamp":"2018-12-29T16:07:10.622Z"}
{"message":"Course validation failed: name: Path `name` (`ahe`) is shorter than the minimum allowed length (5).","errors":{"name":{"message":"Path `name` (`ahe`) is shorter than the minimum allowed length (5).","name":"ValidatorError","properties":{"message":"Path `name` (`ahe`) is shorter than the minimum allowed length (5).","type":"minlength","minlength":5,"path":"name","value":"ahe"},"kind":"minlength","path":"name","value":"ahe"}},"_message":"Course validation failed","stack":"ValidationError: name: Path `name` (`ahe`) is shorter than the minimum allowed length (5).\n    at new ValidationError (/home/ahmed/Desktop/udemy/nodeJS/rest-mongo/node_modules/mongoose/lib/error/validation.js:30:11)\n    at model.Object.<anonymous>.Document.invalidate (/home/ahmed/Desktop/udemy/nodeJS/rest-mongo/node_modules/mongoose/lib/document.js:2064:32)\n    at p.doValidate.skipSchemaValidators (/home/ahmed/Desktop/udemy/nodeJS/rest-mongo/node_modules/mongoose/lib/document.js:1927:17)\n    at /home/ahmed/Desktop/udemy/nodeJS/rest-mongo/node_modules/mongoose/lib/schematype.js:896:9\n    at process._tickCallback (internal/process/next_tick.js:61:11)","name":"ValidationError","level":"error","timestamp":"2018-12-29T16:07:10.663Z"}
{"level":"error","timestamp":"2018-12-29T16:07:10.694Z"}
{"level":"info","message":"listening port 3000","timestamp":"2018-12-29T16:07:11.466Z"}
{"level":"error","timestamp":"2018-12-29T16:07:11.508Z"}
{"level":"info","message":"Connected to mongoDB mongodb://localhost:27017/courses-test","timestamp":"2018-12-29T16:07:11.545Z"}
{"level":"error","timestamp":"2018-12-29T16:07:11.564Z"}
{"level":"info","message":"listening port 3000","timestamp":"2018-12-29T16:08:01.151Z"}
{"level":"info","message":"Connected to mongoDB mongodb://localhost:27017/courses-test","timestamp":"2018-12-29T16:08:01.206Z"}
{"level":"error","timestamp":"2018-12-29T16:08:01.309Z"}
{"message":"Course validation failed: name: Path `name` (`ahe`) is shorter than the minimum allowed length (5).","errors":{"name":{"message":"Path `name` (`ahe`) is shorter than the minimum allowed length (5).","name":"ValidatorError","properties":{"message":"Path `name` (`ahe`) is shorter than the minimum allowed length (5).","type":"minlength","minlength":5,"path":"name","value":"ahe"},"kind":"minlength","path":"name","value":"ahe"}},"_message":"Course validation failed","stack":"ValidationError: name: Path `name` (`ahe`) is shorter than the minimum allowed length (5).\n    at new ValidationError (/home/ahmed/Desktop/udemy/nodeJS/rest-mongo/node_modules/mongoose/lib/error/validation.js:30:11)\n    at model.Object.<anonymous>.Document.invalidate (/home/ahmed/Desktop/udemy/nodeJS/rest-mongo/node_modules/mongoose/lib/document.js:2064:32)\n    at p.doValidate.skipSchemaValidators (/home/ahmed/Desktop/udemy/nodeJS/rest-mongo/node_modules/mongoose/lib/document.js:1927:17)\n    at /home/ahmed/Desktop/udemy/nodeJS/rest-mongo/node_modules/mongoose/lib/schematype.js:896:9\n    at process._tickCallback (internal/process/next_tick.js:61:11)","name":"ValidationError","level":"error","timestamp":"2018-12-29T16:08:01.350Z"}
{"level":"error","timestamp":"2018-12-29T16:08:01.362Z"}
{"level":"info","message":"listening port 3000","timestamp":"2018-12-29T16:08:01.768Z"}
{"level":"error","timestamp":"2018-12-29T16:08:01.827Z"}
{"level":"info","message":"Connected to mongoDB mongodb://localhost:27017/courses-test","timestamp":"2018-12-29T16:08:01.886Z"}
{"level":"error","timestamp":"2018-12-29T16:08:01.905Z"}
{"level":"info","message":"listening port 3000","timestamp":"2018-12-29T16:09:21.544Z"}
{"level":"info","message":"Connected to mongoDB mongodb://localhost:27017/courses-test","timestamp":"2018-12-29T16:09:21.630Z"}
{"level":"info","message":"listening port 3000","timestamp":"2018-12-29T16:09:21.772Z"}
{"level":"error","timestamp":"2018-12-29T16:09:21.824Z"}
{"level":"error","timestamp":"2018-12-29T16:09:21.857Z"}
{"message":"Course validation failed: name: Path `name` (`ahe`) is shorter than the minimum allowed length (5).","errors":{"name":{"message":"Path `name` (`ahe`) is shorter than the minimum allowed length (5).","name":"ValidatorError","properties":{"message":"Path `name` (`ahe`) is shorter than the minimum allowed length (5).","type":"minlength","minlength":5,"path":"name","value":"ahe"},"kind":"minlength","path":"name","value":"ahe"}},"_message":"Course validation failed","stack":"ValidationError: name: Path `name` (`ahe`) is shorter than the minimum allowed length (5).\n    at new ValidationError (/home/ahmed/Desktop/udemy/nodeJS/rest-mongo/node_modules/mongoose/lib/error/validation.js:30:11)\n    at model.Object.<anonymous>.Document.invalidate (/home/ahmed/Desktop/udemy/nodeJS/rest-mongo/node_modules/mongoose/lib/document.js:2064:32)\n    at p.doValidate.skipSchemaValidators (/home/ahmed/Desktop/udemy/nodeJS/rest-mongo/node_modules/mongoose/lib/document.js:1927:17)\n    at /home/ahmed/Desktop/udemy/nodeJS/rest-mongo/node_modules/mongoose/lib/schematype.js:896:9\n    at process._tickCallback (internal/process/next_tick.js:61:11)","name":"ValidationError","level":"error","timestamp":"2018-12-29T16:09:21.916Z"}
{"level":"info","message":"Connected to mongoDB mongodb://localhost:27017/courses-test","timestamp":"2018-12-29T16:09:21.927Z"}
{"level":"error","timestamp":"2018-12-29T16:09:21.941Z"}
{"level":"error","timestamp":"2018-12-29T16:09:21.959Z"}
{"level":"info","message":"listening port 3000","timestamp":"2018-12-29T16:10:01.304Z"}
{"level":"info","message":"Connected to mongoDB mongodb://localhost:27017/courses-test","timestamp":"2018-12-29T16:10:01.359Z"}
{"level":"info","message":"listening port 3000","timestamp":"2018-12-29T16:10:01.445Z"}
{"level":"info","message":"Connected to mongoDB mongodb://localhost:27017/courses-test","timestamp":"2018-12-29T16:10:01.636Z"}
{"level":"error","timestamp":"2018-12-29T16:10:01.726Z"}
{"message":"Course validation failed: name: Path `name` (`ahe`) is shorter than the minimum allowed length (5).","errors":{"name":{"message":"Path `name` (`ahe`) is shorter than the minimum allowed length (5).","name":"ValidatorError","properties":{"message":"Path `name` (`ahe`) is shorter than the minimum allowed length (5).","type":"minlength","minlength":5,"path":"name","value":"ahe"},"kind":"minlength","path":"name","value":"ahe"}},"_message":"Course validation failed","stack":"ValidationError: name: Path `name` (`ahe`) is shorter than the minimum allowed length (5).\n    at new ValidationError (/home/ahmed/Desktop/udemy/nodeJS/rest-mongo/node_modules/mongoose/lib/error/validation.js:30:11)\n    at model.Object.<anonymous>.Document.invalidate (/home/ahmed/Desktop/udemy/nodeJS/rest-mongo/node_modules/mongoose/lib/document.js:2064:32)\n    at p.doValidate.skipSchemaValidators (/home/ahmed/Desktop/udemy/nodeJS/rest-mongo/node_modules/mongoose/lib/document.js:1927:17)\n    at /home/ahmed/Desktop/udemy/nodeJS/rest-mongo/node_modules/mongoose/lib/schematype.js:896:9\n    at process._tickCallback (internal/process/next_tick.js:61:11)","name":"ValidationError","level":"error","timestamp":"2018-12-29T16:10:01.798Z"}
{"level":"error","timestamp":"2018-12-29T16:10:01.833Z"}
{"level":"info","message":"listening port 3000","timestamp":"2018-12-29T16:10:46.103Z"}
{"level":"info","message":"Connected to mongoDB mongodb://localhost:27017/courses-test","timestamp":"2018-12-29T16:10:46.177Z"}
{"level":"error","timestamp":"2018-12-29T16:10:46.339Z"}
{"level":"info","message":"listening port 3000","timestamp":"2018-12-29T16:10:46.348Z"}
{"message":"Course validation failed: name: Path `name` (`ahe`) is shorter than the minimum allowed length (5).","errors":{"name":{"message":"Path `name` (`ahe`) is shorter than the minimum allowed length (5).","name":"ValidatorError","properties":{"message":"Path `name` (`ahe`) is shorter than the minimum allowed length (5).","type":"minlength","minlength":5,"path":"name","value":"ahe"},"kind":"minlength","path":"name","value":"ahe"}},"_message":"Course validation failed","stack":"ValidationError: name: Path `name` (`ahe`) is shorter than the minimum allowed length (5).\n    at new ValidationError (/home/ahmed/Desktop/udemy/nodeJS/rest-mongo/node_modules/mongoose/lib/error/validation.js:30:11)\n    at model.Object.<anonymous>.Document.invalidate (/home/ahmed/Desktop/udemy/nodeJS/rest-mongo/node_modules/mongoose/lib/document.js:2064:32)\n    at p.doValidate.skipSchemaValidators (/home/ahmed/Desktop/udemy/nodeJS/rest-mongo/node_modules/mongoose/lib/document.js:1927:17)\n    at /home/ahmed/Desktop/udemy/nodeJS/rest-mongo/node_modules/mongoose/lib/schematype.js:896:9\n    at process._tickCallback (internal/process/next_tick.js:61:11)","name":"ValidationError","level":"error","timestamp":"2018-12-29T16:10:46.382Z"}
{"level":"error","timestamp":"2018-12-29T16:10:46.400Z"}
{"level":"error","timestamp":"2018-12-29T16:10:46.402Z"}
{"level":"info","message":"Connected to mongoDB mongodb://localhost:27017/courses-test","timestamp":"2018-12-29T16:10:46.480Z"}
{"level":"error","timestamp":"2018-12-29T16:10:46.502Z"}
{"level":"info","message":"listening port 3000","timestamp":"2018-12-29T16:13:49.072Z"}
{"level":"info","message":"Connected to mongoDB mongodb://localhost:27017/courses-test","timestamp":"2018-12-29T16:13:49.191Z"}
{"level":"error","timestamp":"2018-12-29T16:13:49.326Z"}
{"message":"Course validation failed: name: Path `name` (`ahe`) is shorter than the minimum allowed length (5).","errors":{"name":{"message":"Path `name` (`ahe`) is shorter than the minimum allowed length (5).","name":"ValidatorError","properties":{"message":"Path `name` (`ahe`) is shorter than the minimum allowed length (5).","type":"minlength","minlength":5,"path":"name","value":"ahe"},"kind":"minlength","path":"name","value":"ahe"}},"_message":"Course validation failed","stack":"ValidationError: name: Path `name` (`ahe`) is shorter than the minimum allowed length (5).\n    at new ValidationError (/home/ahmed/Desktop/udemy/nodeJS/rest-mongo/node_modules/mongoose/lib/error/validation.js:30:11)\n    at model.Object.<anonymous>.Document.invalidate (/home/ahmed/Desktop/udemy/nodeJS/rest-mongo/node_modules/mongoose/lib/document.js:2064:32)\n    at p.doValidate.skipSchemaValidators (/home/ahmed/Desktop/udemy/nodeJS/rest-mongo/node_modules/mongoose/lib/document.js:1927:17)\n    at /home/ahmed/Desktop/udemy/nodeJS/rest-mongo/node_modules/mongoose/lib/schematype.js:896:9\n    at process._tickCallback (internal/process/next_tick.js:61:11)","name":"ValidationError","level":"error","timestamp":"2018-12-29T16:13:49.354Z"}
{"level":"error","timestamp":"2018-12-29T16:13:49.365Z"}
{"level":"info","message":"listening port 3000","timestamp":"2018-12-29T16:13:49.388Z"}
{"level":"error","timestamp":"2018-12-29T16:13:49.469Z"}
{"level":"info","message":"Connected to mongoDB mongodb://localhost:27017/courses-test","timestamp":"2018-12-29T16:13:49.528Z"}
{"level":"error","timestamp":"2018-12-29T16:13:49.562Z"}
{"level":"info","message":"listening port 3000","timestamp":"2018-12-29T16:15:16.480Z"}
{"level":"error","timestamp":"2018-12-29T16:15:16.546Z"}
{"level":"info","message":"Connected to mongoDB mongodb://localhost:27017/courses-test","timestamp":"2018-12-29T16:15:16.623Z"}
{"level":"error","timestamp":"2018-12-29T16:15:16.691Z"}
{"level":"info","message":"listening port 3000","timestamp":"2018-12-29T16:15:16.807Z"}
{"level":"info","message":"Connected to mongoDB mongodb://localhost:27017/courses-test","timestamp":"2018-12-29T16:15:16.883Z"}
{"level":"error","timestamp":"2018-12-29T16:15:17.015Z"}
{"message":"Course validation failed: name: Path `name` (`ahe`) is shorter than the minimum allowed length (5).","errors":{"name":{"message":"Path `name` (`ahe`) is shorter than the minimum allowed length (5).","name":"ValidatorError","properties":{"message":"Path `name` (`ahe`) is shorter than the minimum allowed length (5).","type":"minlength","minlength":5,"path":"name","value":"ahe"},"kind":"minlength","path":"name","value":"ahe"}},"_message":"Course validation failed","stack":"ValidationError: name: Path `name` (`ahe`) is shorter than the minimum allowed length (5).\n    at new ValidationError (/home/ahmed/Desktop/udemy/nodeJS/rest-mongo/node_modules/mongoose/lib/error/validation.js:30:11)\n    at model.Object.<anonymous>.Document.invalidate (/home/ahmed/Desktop/udemy/nodeJS/rest-mongo/node_modules/mongoose/lib/document.js:2064:32)\n    at p.doValidate.skipSchemaValidators (/home/ahmed/Desktop/udemy/nodeJS/rest-mongo/node_modules/mongoose/lib/document.js:1927:17)\n    at /home/ahmed/Desktop/udemy/nodeJS/rest-mongo/node_modules/mongoose/lib/schematype.js:896:9\n    at process._tickCallback (internal/process/next_tick.js:61:11)","name":"ValidationError","level":"error","timestamp":"2018-12-29T16:15:17.045Z"}
{"level":"error","timestamp":"2018-12-29T16:15:17.060Z"}
{"level":"info","message":"listening port 3000","timestamp":"2018-12-29T16:15:47.577Z"}
{"level":"error","timestamp":"2018-12-29T16:15:47.662Z"}
{"level":"info","message":"listening port 3000","timestamp":"2018-12-29T16:15:47.670Z"}
{"level":"info","message":"Connected to mongoDB mongodb://localhost:27017/courses-test","timestamp":"2018-12-29T16:15:47.748Z"}
{"level":"error","timestamp":"2018-12-29T16:15:47.812Z"}
{"level":"info","message":"Connected to mongoDB mongodb://localhost:27017/courses-test","timestamp":"2018-12-29T16:15:47.813Z"}
{"level":"error","timestamp":"2018-12-29T16:15:47.875Z"}
{"level":"error","timestamp":"2018-12-29T16:15:48.027Z"}
{"message":"Course validation failed: name: Path `name` (`ahe`) is shorter than the minimum allowed length (5).","errors":{"name":{"message":"Path `name` (`ahe`) is shorter than the minimum allowed length (5).","name":"ValidatorError","properties":{"message":"Path `name` (`ahe`) is shorter than the minimum allowed length (5).","type":"minlength","minlength":5,"path":"name","value":"ahe"},"kind":"minlength","path":"name","value":"ahe"}},"_message":"Course validation failed","stack":"ValidationError: name: Path `name` (`ahe`) is shorter than the minimum allowed length (5).\n    at new ValidationError (/home/ahmed/Desktop/udemy/nodeJS/rest-mongo/node_modules/mongoose/lib/error/validation.js:30:11)\n    at model.Object.<anonymous>.Document.invalidate (/home/ahmed/Desktop/udemy/nodeJS/rest-mongo/node_modules/mongoose/lib/document.js:2064:32)\n    at p.doValidate.skipSchemaValidators (/home/ahmed/Desktop/udemy/nodeJS/rest-mongo/node_modules/mongoose/lib/document.js:1927:17)\n    at /home/ahmed/Desktop/udemy/nodeJS/rest-mongo/node_modules/mongoose/lib/schematype.js:896:9\n    at process._tickCallback (internal/process/next_tick.js:61:11)","name":"ValidationError","level":"error","timestamp":"2018-12-29T16:15:48.060Z"}
{"level":"error","timestamp":"2018-12-29T16:15:48.079Z"}
{"level":"info","message":"listening port 3000","timestamp":"2018-12-29T20:18:45.221Z"}
{"level":"info","message":"listening port 3000","timestamp":"2018-12-29T20:18:45.235Z"}
{"level":"info","message":"Connected to mongoDB mongodb://localhost:27017/courses-test","timestamp":"2018-12-29T20:18:45.312Z"}
{"level":"info","message":"Connected to mongoDB mongodb://localhost:27017/courses-test","timestamp":"2018-12-29T20:18:45.321Z"}
{"level":"error","timestamp":"2018-12-29T20:18:45.482Z"}
{"message":"Course validation failed: name: Path `name` (`ahe`) is shorter than the minimum allowed length (5).","errors":{"name":{"message":"Path `name` (`ahe`) is shorter than the minimum allowed length (5).","name":"ValidatorError","properties":{"message":"Path `name` (`ahe`) is shorter than the minimum allowed length (5).","type":"minlength","minlength":5,"path":"name","value":"ahe"},"kind":"minlength","path":"name","value":"ahe"}},"_message":"Course validation failed","stack":"ValidationError: name: Path `name` (`ahe`) is shorter than the minimum allowed length (5).\n    at new ValidationError (/home/ahmed/Desktop/udemy/nodeJS/rest-mongo/node_modules/mongoose/lib/error/validation.js:30:11)\n    at model.Object.<anonymous>.Document.invalidate (/home/ahmed/Desktop/udemy/nodeJS/rest-mongo/node_modules/mongoose/lib/document.js:2064:32)\n    at p.doValidate.skipSchemaValidators (/home/ahmed/Desktop/udemy/nodeJS/rest-mongo/node_modules/mongoose/lib/document.js:1927:17)\n    at /home/ahmed/Desktop/udemy/nodeJS/rest-mongo/node_modules/mongoose/lib/schematype.js:896:9\n    at process._tickCallback (internal/process/next_tick.js:61:11)","name":"ValidationError","level":"error","timestamp":"2018-12-29T20:18:45.560Z"}
{"level":"error","timestamp":"2018-12-29T20:18:45.577Z"}
